########### 16 May 2025 (Release Build) ###########

NOT VIRTUALIZED:
Size            Avg Time (ms)   Std Dev (ms)
----------------------------------------
100             0.01            0.00
1000            0.08            0.00
5000            0.54            0.05
10000           1.24            0.08
50000           6.98            0.51
100000          15.12           1.26
500000          104.44          7.30
1000000         218.32          8.10
1500000         338.59          12.40
2000000         439.64          32.99
2500000         486.08          13.85
3000000         587.62          17.58

VIRTUALIZED:
Size            Avg Time (ms)   Std Dev (ms)
----------------------------------------
100             2.74            0.38
1000            27.35           1.25
5000            144.44          8.25
10000           295.77          13.68
50000           1556.15         122.81
100000          3080.30         303.02
500000          14298.92        374.98
1000000         33292.91        4342.93

##################################

########### 18 March 2025 (Debug Build) ###########

NOT VIRTUALIZED:
Size            Avg Time (ms)   Std Dev (ms)
----------------------------------------
100             0.01            0.00
1000            0.09            0.00
5000            0.61            0.09
10000           1.38            0.22
50000           8.45            0.73
100000          17.86           1.42
500000          106.16          5.61
1000000         216.59          9.49
1500000         326.37          11.43
2000000         442.09          13.47
2500000         553.94          17.31
3000000         681.80          28.26

VIRTUALIZED:
Size            Avg Time (ms)   Std Dev (ms)
----------------------------------------
100             5.15            0.42
1000            53.08           5.52
5000            300.64          26.13
10000           585.70          79.88
50000           3434.32         592.92
100000          6771.09         553.09
500000          29698.73        3518.63
1000000         45186.90        6198.38

##################################
